<?xml version="1.0" encoding="UTF-8"?>
<!-- Generated by org.testng.reporters.JUnitReportReporter -->
<testsuite skipped="0" hostname="2DW1Y32" name="Automationsoais.APITest" tests="1" failures="0" timestamp="01 Dec 2019 10:31:14 GMT" time="0.031" errors="0">
  <testcase name="WebService" time="0.031" classname="Automationsoais.APITest"/>
</testsuite> <!-- Automationsoais.APITest -->
